<?xml version="1.0" encoding="UTF-8" ?>
<testsuite failures="0" time="0.045" errors="0" skipped="1" tests="4" name="basecamp.datafixtures.PrimitiveDataFixturesTest">
  <properties>
    <property name="java.runtime.name" value="Java(TM) SE Runtime Environment"/>
    <property name="sun.boot.library.path" value="C:\Program Files\Java\jdk1.7.0_04\jre\bin"/>
    <property name="java.vm.version" value="23.0-b21"/>
    <property name="java.vm.vendor" value="Oracle Corporation"/>
    <property name="java.vendor.url" value="http://java.oracle.com/"/>
    <property name="path.separator" value=";"/>
    <property name="java.vm.name" value="Java HotSpot(TM) 64-Bit Server VM"/>
    <property name="file.encoding.pkg" value="sun.io"/>
    <property name="user.script" value=""/>
    <property name="user.country" value="GB"/>
    <property name="sun.java.launcher" value="SUN_STANDARD"/>
    <property name="sun.os.patch.level" value="Service Pack 1"/>
    <property name="java.vm.specification.name" value="Java Virtual Machine Specification"/>
    <property name="user.dir" value="C:\dev\projs\base-camp\data-fixtures"/>
    <property name="java.runtime.version" value="1.7.0_04-b22"/>
    <property name="java.awt.graphicsenv" value="sun.awt.Win32GraphicsEnvironment"/>
    <property name="basedir" value="C:\dev\projs\base-camp\data-fixtures"/>
    <property name="java.endorsed.dirs" value="C:\Program Files\Java\jdk1.7.0_04\jre\lib\endorsed"/>
    <property name="os.arch" value="amd64"/>
    <property name="surefire.real.class.path" value="C:\dev\projs\base-camp\data-fixtures\target\surefire\surefirebooter5335871997952207403.jar"/>
    <property name="java.io.tmpdir" value="C:\Users\antonion\AppData\Local\Temp\"/>
    <property name="line.separator" value="
"/>
    <property name="java.vm.specification.vendor" value="Oracle Corporation"/>
    <property name="user.variant" value=""/>
    <property name="os.name" value="Windows 7"/>
    <property name="sun.jnu.encoding" value="Cp1252"/>
    <property name="java.library.path" value="C:\Program Files\Java\jdk1.7.0_04\jre\bin;C:\Windows\Sun\Java\bin;C:\Windows\system32;C:\Windows;C:\APP\USER\PRODUCT\11.1.0\CLIENT_2\BIN;C:\11G ORACLE\PRODUCT\11.1.0\CLIENT_2\BIN;C:\Windows\SYSTEM32;C:\Windows;C:\Windows\SYSTEM32\WBEM;C:\Windows\SYSTEM32\WINDOWSPOWERSHELL\V1.0\;C:\INSTANTCLIENT_11_2;C:\PROGRAM FILES\TORTOISESVN\BIN;C:\Devsoftware\apache-ant-1.8.2\BIN;c:\Devsoftware\apache-maven-3.0.3\bin;c:\dev\utils;C:\Program Files\nodejs\;C:\Program Files (x86)\Git\cmd;C:\Users\antonion\AppData\Roaming\npm;."/>
    <property name="surefire.test.class.path" value="C:\dev\projs\base-camp\data-fixtures\target\test-classes;C:\dev\projs\base-camp\data-fixtures\target\classes;C:\Users\antonion\.m2\repository\junit\junit\4.10\junit-4.10.jar;C:\Users\antonion\.m2\repository\org\hamcrest\hamcrest-core\1.1\hamcrest-core-1.1.jar;C:\Users\antonion\.m2\repository\org\hamcrest\hamcrest-all\1.3\hamcrest-all-1.3.jar;C:\Users\antonion\.m2\repository\org\apache\commons\commons-lang3\3.1\commons-lang3-3.1.jar;"/>
    <property name="java.specification.name" value="Java Platform API Specification"/>
    <property name="java.class.version" value="51.0"/>
    <property name="sun.management.compiler" value="HotSpot 64-Bit Tiered Compilers"/>
    <property name="os.version" value="6.1"/>
    <property name="user.home" value="C:\Users\antonion"/>
    <property name="user.timezone" value=""/>
    <property name="java.awt.printerjob" value="sun.awt.windows.WPrinterJob"/>
    <property name="java.specification.version" value="1.7"/>
    <property name="file.encoding" value="Cp1252"/>
    <property name="user.name" value="antonion"/>
    <property name="java.class.path" value="C:\dev\projs\base-camp\data-fixtures\target\test-classes;C:\dev\projs\base-camp\data-fixtures\target\classes;C:\Users\antonion\.m2\repository\junit\junit\4.10\junit-4.10.jar;C:\Users\antonion\.m2\repository\org\hamcrest\hamcrest-core\1.1\hamcrest-core-1.1.jar;C:\Users\antonion\.m2\repository\org\hamcrest\hamcrest-all\1.3\hamcrest-all-1.3.jar;C:\Users\antonion\.m2\repository\org\apache\commons\commons-lang3\3.1\commons-lang3-3.1.jar;"/>
    <property name="java.vm.specification.version" value="1.7"/>
    <property name="sun.arch.data.model" value="64"/>
    <property name="java.home" value="C:\Program Files\Java\jdk1.7.0_04\jre"/>
    <property name="sun.java.command" value="C:\dev\projs\base-camp\data-fixtures\target\surefire\surefirebooter5335871997952207403.jar C:\dev\projs\base-camp\data-fixtures\target\surefire\surefire5332318186514388094tmp C:\dev\projs\base-camp\data-fixtures\target\surefire\surefire3723724356000553381tmp"/>
    <property name="java.specification.vendor" value="Oracle Corporation"/>
    <property name="user.language" value="en"/>
    <property name="awt.toolkit" value="sun.awt.windows.WToolkit"/>
    <property name="java.vm.info" value="mixed mode"/>
    <property name="java.version" value="1.7.0_04"/>
    <property name="java.ext.dirs" value="C:\Program Files\Java\jdk1.7.0_04\jre\lib\ext;C:\Windows\Sun\Java\lib\ext"/>
    <property name="sun.boot.class.path" value="C:\Program Files\Java\jdk1.7.0_04\jre\lib\resources.jar;C:\Program Files\Java\jdk1.7.0_04\jre\lib\rt.jar;C:\Program Files\Java\jdk1.7.0_04\jre\lib\sunrsasign.jar;C:\Program Files\Java\jdk1.7.0_04\jre\lib\jsse.jar;C:\Program Files\Java\jdk1.7.0_04\jre\lib\jce.jar;C:\Program Files\Java\jdk1.7.0_04\jre\lib\charsets.jar;C:\Program Files\Java\jdk1.7.0_04\jre\lib\jfr.jar;C:\Program Files\Java\jdk1.7.0_04\jre\classes"/>
    <property name="java.vendor" value="Oracle Corporation"/>
    <property name="localRepository" value="C:\Users\antonion\.m2\repository"/>
    <property name="file.separator" value="\"/>
    <property name="java.vendor.url.bug" value="http://bugreport.sun.com/bugreport/"/>
    <property name="sun.cpu.endian" value="little"/>
    <property name="sun.io.unicode.encoding" value="UnicodeLittle"/>
    <property name="sun.desktop" value="windows"/>
    <property name="sun.cpu.isalist" value="amd64"/>
  </properties>
  <testcase time="0.006" classname="basecamp.datafixtures.PrimitiveDataFixturesTest" name="someStringReturnsAStringWithLenghtBetween8And12"/>
  <testcase time="0.008" classname="basecamp.datafixtures.PrimitiveDataFixturesTest" name="someStringOfLengthShouldAlwaysReturnTheRequestedSizeString">
    <skipped/>
  </testcase>
  <testcase time="0.005" classname="basecamp.datafixtures.PrimitiveDataFixturesTest" name="someStringShouldReturnJustUpperCaseLetters"/>
  <testcase time="0.001" classname="basecamp.datafixtures.PrimitiveDataFixturesTest" name="someStringShouldNotRepeatAString"/>
</testsuite>